<?xml version="1.0" encoding="UTF-8"?>
<!-- Generated by org.testng.reporters.JUnitReportReporter -->
<testsuite skipped="0" hostname="DESKTOP-KUVK3PK" name="testScripts.BlazeWebApp" tests="5" failures="0" timestamp="2023-03-16T13:24:11 IST" time="27.643" errors="0">
  <testcase name="validLogin" time="4.817" classname="testScripts.BlazeWebApp"/>
  <system-out/>
  <testcase name="addItemtoCart" time="5.058" classname="testScripts.BlazeWebApp"/>
  <system-out/>
  <testcase name="addItemtoCart" time="3.508" classname="testScripts.BlazeWebApp"/>
  <system-out/>
  <testcase name="deleteItem" time="10.649" classname="testScripts.BlazeWebApp"/>
  <system-out/>
  <testcase name="finalOrder" time="3.611" classname="testScripts.BlazeWebApp"/>
  <system-out/>
</testsuite> <!-- testScripts.BlazeWebApp -->
