<?xml version="1.0" encoding="UTF-8"?>
<!-- Generated by org.testng.reporters.JUnitReportReporter -->
<testsuite skipped="0" hostname="DESKTOP-KUVK3PK" name="testScripts.BlazeWebApp" tests="8" failures="0" timestamp="2023-03-14T15:54:04 IST" time="231.523" errors="0">
  <testcase name="validLogin" time="41.399" classname="testScripts.BlazeWebApp"/>
  <system-out/>
  <testcase name="addItemtoCart" time="31.007" classname="testScripts.BlazeWebApp"/>
  <system-out/>
  <testcase name="addItemtoCart" time="32.419" classname="testScripts.BlazeWebApp"/>
  <system-out/>
  <testcase name="addItemtoCart" time="39.493" classname="testScripts.BlazeWebApp"/>
  <system-out/>
  <testcase name="addItemtoCart" time="30.025" classname="testScripts.BlazeWebApp"/>
  <system-out/>
  <testcase name="addItemtoCart" time="38.528" classname="testScripts.BlazeWebApp"/>
  <system-out/>
  <testcase name="deleteItem" time="15.715" classname="testScripts.BlazeWebApp"/>
  <system-out/>
  <testcase name="finalOrder" time="2.937" classname="testScripts.BlazeWebApp"/>
  <system-out/>
</testsuite> <!-- testScripts.BlazeWebApp -->
