<?xml version="1.0" encoding="UTF-8"?>
<!-- Generated by org.testng.reporters.JUnitReportReporter -->
<testsuite skipped="0" hostname="DESKTOP-KUVK3PK" name="testScripts.BlazeWebApp" tests="5" failures="0" timestamp="2023-03-15T11:55:11 IST" time="33.153" errors="0">
  <testcase name="validLogin" time="5.940" classname="testScripts.BlazeWebApp"/>
  <system-out/>
  <testcase name="addItemtoCart" time="6.770" classname="testScripts.BlazeWebApp"/>
  <system-out/>
  <testcase name="addItemtoCart" time="5.563" classname="testScripts.BlazeWebApp"/>
  <system-out/>
  <testcase name="deleteItem" time="11.929" classname="testScripts.BlazeWebApp"/>
  <system-out/>
  <testcase name="finalOrder" time="2.951" classname="testScripts.BlazeWebApp"/>
  <system-out/>
</testsuite> <!-- testScripts.BlazeWebApp -->
