<?xml version="1.0" encoding="UTF-8"?>
<!-- Generated by org.testng.reporters.JUnitReportReporter -->
<testsuite skipped="0" hostname="DESKTOP-KUVK3PK" name="testScripts.BlazeWebApp" tests="8" failures="0" timestamp="2023-03-12T19:43:10 IST" time="64.643" errors="0">
  <testcase name="validLogin" time="7.734" classname="testScripts.BlazeWebApp"/>
  <system-out/>
  <testcase name="addItemtoCart" time="10.526" classname="testScripts.BlazeWebApp"/>
  <system-out/>
  <testcase name="addItemtoCart" time="10.683" classname="testScripts.BlazeWebApp"/>
  <system-out/>
  <testcase name="addItemtoCart" time="11.436" classname="testScripts.BlazeWebApp"/>
  <system-out/>
  <testcase name="addItemtoCart" time="7.049" classname="testScripts.BlazeWebApp"/>
  <system-out/>
  <testcase name="addItemtoCart" time="8.690" classname="testScripts.BlazeWebApp"/>
  <system-out/>
  <testcase name="deleteItem" time="3.794" classname="testScripts.BlazeWebApp"/>
  <system-out/>
  <testcase name="finalOrder" time="4.731" classname="testScripts.BlazeWebApp"/>
  <system-out/>
</testsuite> <!-- testScripts.BlazeWebApp -->
